# JRE version: OpenJDK Runtime Environment (21.0.4) (build 21.0.4+-12508038-b607.1)
# Java VM: OpenJDK 64-Bit Server VM (21.0.4+-12508038-b607.1, mixed mode, tiered, compressed oops, compressed class ptrs, g1 gc, windows-amd64)
GC Precious Log:
 CardTable entry size: 512
 Card Set container configuration: InlinePtr #cards 4 size 8 Array Of Cards #cards 32 size 80 Howl #buckets 8 coarsen threshold 7372 Howl Bitmap #cards 1024 size 144 coarsen threshold 921 Card regions per heap region 1 cards per card region 8192
 CPUs: 12 total, 12 available
 Memory: 32015M
 Large Page Support: Disabled
 NUMA Support: Disabled
 Compressed Oops: Enabled (Zero based)
 Heap Region Size: 4M
 Heap Min Capacity: 8M
 Heap Initial Capacity: 504M
 Heap Max Capacity: 8G
 Pre-touch: Disabled
 Parallel Workers: 10
 Concurrent Workers: 3
 Concurrent Refinement Workers: 10
 Periodic GC: Disabled
Heap:
 garbage-first heap   total 294912K, used 216667K [0x0000000600000000, 0x0000000800000000)
  region size 4096K, 20 young (81920K), 3 survivors (12288K)
 Metaspace       used 136695K, committed 139136K, reserved 1179648K
  class space    used 18580K, committed 19840K, reserved 1048576K
GC Heap History (20 events):
Event: 13.850 GC heap before
{Heap before GC invocations=26 (full 0):
 garbage-first heap   total 217088K, used 184336K [0x0000000600000000, 0x0000000800000000)
  region size 4096K, 22 young (90112K), 1 survivors (4096K)
 Metaspace       used 106470K, committed 108544K, reserved 1179648K
  class space    used 14543K, committed 15552K, reserved 1048576K
}
Event: 13.853 GC heap after
{Heap after GC invocations=27 (full 0):
 garbage-first heap   total 217088K, used 106663K [0x0000000600000000, 0x0000000800000000)
  region size 4096K, 2 young (8192K), 2 survivors (8192K)
 Metaspace       used 106470K, committed 108544K, reserved 1179648K
  class space    used 14543K, committed 15552K, reserved 1048576K
}
Event: 14.572 GC heap before
{Heap before GC invocations=27 (full 0):
 garbage-first heap   total 217088K, used 184487K [0x0000000600000000, 0x0000000800000000)
  region size 4096K, 22 young (90112K), 2 survivors (8192K)
 Metaspace       used 111727K, committed 113920K, reserved 1179648K
  class space    used 15247K, committed 16384K, reserved 1048576K
}
Event: 14.576 GC heap after
{Heap after GC invocations=28 (full 0):
 garbage-first heap   total 217088K, used 110780K [0x0000000600000000, 0x0000000800000000)
  region size 4096K, 3 young (12288K), 3 survivors (12288K)
 Metaspace       used 111727K, committed 113920K, reserved 1179648K
  class space    used 15247K, committed 16384K, reserved 1048576K
}
Event: 15.325 GC heap before
{Heap before GC invocations=29 (full 0):
 garbage-first heap   total 217088K, used 184508K [0x0000000600000000, 0x0000000800000000)
  region size 4096K, 21 young (86016K), 3 survivors (12288K)
 Metaspace       used 117379K, committed 119616K, reserved 1179648K
  class space    used 16163K, committed 17280K, reserved 1048576K
}
Event: 15.329 GC heap after
{Heap after GC invocations=30 (full 0):
 garbage-first heap   total 217088K, used 113288K [0x0000000600000000, 0x0000000800000000)
  region size 4096K, 2 young (8192K), 2 survivors (8192K)
 Metaspace       used 117379K, committed 119616K, reserved 1179648K
  class space    used 16163K, committed 17280K, reserved 1048576K
}
Event: 15.959 GC heap before
{Heap before GC invocations=30 (full 0):
 garbage-first heap   total 217088K, used 187016K [0x0000000600000000, 0x0000000800000000)
  region size 4096K, 21 young (86016K), 2 survivors (8192K)
 Metaspace       used 122996K, committed 125248K, reserved 1179648K
  class space    used 16797K, committed 17984K, reserved 1048576K
}
Event: 15.964 GC heap after
{Heap after GC invocations=31 (full 0):
 garbage-first heap   total 217088K, used 118131K [0x0000000600000000, 0x0000000800000000)
  region size 4096K, 2 young (8192K), 2 survivors (8192K)
 Metaspace       used 122996K, committed 125248K, reserved 1179648K
  class space    used 16797K, committed 17984K, reserved 1048576K
}
Event: 16.159 GC heap before
{Heap before GC invocations=31 (full 0):
 garbage-first heap   total 217088K, used 191859K [0x0000000600000000, 0x0000000800000000)
  region size 4096K, 20 young (81920K), 2 survivors (8192K)
 Metaspace       used 123142K, committed 125440K, reserved 1179648K
  class space    used 16798K, committed 17984K, reserved 1048576K
}
Event: 16.163 GC heap after
{Heap after GC invocations=32 (full 0):
 garbage-first heap   total 217088K, used 121947K [0x0000000600000000, 0x0000000800000000)
  region size 4096K, 3 young (12288K), 3 survivors (12288K)
 Metaspace       used 123142K, committed 125440K, reserved 1179648K
  class space    used 16798K, committed 17984K, reserved 1048576K
}
Event: 16.374 GC heap before
{Heap before GC invocations=33 (full 0):
 garbage-first heap   total 217088K, used 187483K [0x0000000600000000, 0x0000000800000000)
  region size 4096K, 18 young (73728K), 3 survivors (12288K)
 Metaspace       used 123740K, committed 126016K, reserved 1179648K
  class space    used 16910K, committed 18112K, reserved 1048576K
}
Event: 16.379 GC heap after
{Heap after GC invocations=34 (full 0):
 garbage-first heap   total 217088K, used 135233K [0x0000000600000000, 0x0000000800000000)
  region size 4096K, 3 young (12288K), 3 survivors (12288K)
 Metaspace       used 123740K, committed 126016K, reserved 1179648K
  class space    used 16910K, committed 18112K, reserved 1048576K
}
Event: 16.719 GC heap before
{Heap before GC invocations=34 (full 0):
 garbage-first heap   total 217088K, used 184385K [0x0000000600000000, 0x0000000800000000)
  region size 4096K, 15 young (61440K), 3 survivors (12288K)
 Metaspace       used 124733K, committed 127104K, reserved 1179648K
  class space    used 17098K, committed 18304K, reserved 1048576K
}
Event: 16.724 GC heap after
{Heap after GC invocations=35 (full 0):
 garbage-first heap   total 217088K, used 142315K [0x0000000600000000, 0x0000000800000000)
  region size 4096K, 2 young (8192K), 2 survivors (8192K)
 Metaspace       used 124733K, committed 127104K, reserved 1179648K
  class space    used 17098K, committed 18304K, reserved 1048576K
}
Event: 17.195 GC heap before
{Heap before GC invocations=35 (full 0):
 garbage-first heap   total 217088K, used 191467K [0x0000000600000000, 0x0000000800000000)
  region size 4096K, 14 young (57344K), 2 survivors (8192K)
 Metaspace       used 128060K, committed 130368K, reserved 1179648K
  class space    used 17589K, committed 18752K, reserved 1048576K
}
Event: 17.199 GC heap after
{Heap after GC invocations=36 (full 0):
 garbage-first heap   total 217088K, used 146099K [0x0000000600000000, 0x0000000800000000)
  region size 4096K, 1 young (4096K), 1 survivors (4096K)
 Metaspace       used 128060K, committed 130368K, reserved 1179648K
  class space    used 17589K, committed 18752K, reserved 1048576K
}
Event: 17.630 GC heap before
{Heap before GC invocations=37 (full 0):
 garbage-first heap   total 245760K, used 195251K [0x0000000600000000, 0x0000000800000000)
  region size 4096K, 13 young (53248K), 1 survivors (4096K)
 Metaspace       used 131876K, committed 134208K, reserved 1179648K
  class space    used 18040K, committed 19200K, reserved 1048576K
}
Event: 17.634 GC heap after
{Heap after GC invocations=38 (full 0):
 garbage-first heap   total 245760K, used 150057K [0x0000000600000000, 0x0000000800000000)
  region size 4096K, 2 young (8192K), 2 survivors (8192K)
 Metaspace       used 131876K, committed 134208K, reserved 1179648K
  class space    used 18040K, committed 19200K, reserved 1048576K
}
Event: 21.356 GC heap before
{Heap before GC invocations=38 (full 0):
 garbage-first heap   total 245760K, used 223785K [0x0000000600000000, 0x0000000800000000)
  region size 4096K, 20 young (81920K), 2 survivors (8192K)
 Metaspace       used 134020K, committed 136384K, reserved 1179648K
  class space    used 18335K, committed 19520K, reserved 1048576K
}
Event: 21.362 GC heap after
{Heap after GC invocations=39 (full 0):
 garbage-first heap   total 294912K, used 155227K [0x0000000600000000, 0x0000000800000000)
  region size 4096K, 3 young (12288K), 3 survivors (12288K)
 Metaspace       used 134020K, committed 136384K, reserved 1179648K
  class space    used 18335K, committed 19520K, reserved 1048576K
}

